
 HSS # Frame Length  From    To        Name       Start         End    Score        P
======================================================================================
     0    -3     17   229   245NT-033777-3-23983503-23984565         687         737    14.90    0.143
     1    +3     27    13    39NT-033777-3-23983503-23984565          39         119     9.03    0.803
     2    +2     16   226   241NT-033777-3-23983503-23984565         677         724     7.47    0.951
     3    -3     12   101   112NT-033777-3-23983503-23984565         303         338     6.95    0.976
     4    +3      9    87    95NT-033777-3-23983503-23984565         261         287     5.99    0.996
     5    -2     10   279   288NT-033777-3-23983503-23984565         836         865     5.49    0.999
     6    +2      7   111   117NT-033777-3-23983503-23984565         332         352     5.43    0.999
     7    -1      4   296   299NT-033777-3-23983503-23984565         886         897     5.42    0.999
     8    -2     16   114   129NT-033777-3-23983503-23984565         341         388     5.32    0.999
     9    -1      4   334   337NT-033777-3-23983503-23984565        1000        1011     5.13    1.000
    10    +1      8   109   116NT-033777-3-23983503-23984565         325         348     5.07    1.000
    11    +1      3   132   134NT-033777-3-23983503-23984565         394         402     4.47    1.000
    12    -1     17   316   332NT-033777-3-23983503-23984565         946         996     4.42    1.000
    13    -2     15   224   238NT-033777-3-23983503-23984565         671         715     4.27    1.000
    14    +2      6    61    66NT-033777-3-23983503-23984565         182         199     4.24    1.000
    15    -2     41   135   175NT-033777-3-23983503-23984565         404         526     4.16    1.000
    16    +1     37   238   274NT-033777-3-23983503-23984565         712         822     3.90    1.000
    17    +3     10    56    65NT-033777-3-23983503-23984565         168         197     3.89    1.000
    18    -3     11   164   174NT-033777-3-23983503-23984565         492         524     3.61    1.000
    19    +2      8   124   131NT-033777-3-23983503-23984565         371         394     3.60    1.000

1 alignment(s) scored in 2.39 seconds. Parameters used:
N=100, Delta=-10.00, Omega=-4.00, omega=-2.00, stop penalty=-8.00

